<?xml version="1.0" encoding="UTF-8"?>
<checkstyle version="8.10.1">
<file name="C:\Users\PC\Desktop\lumii-optaplanner-skyscraper2\examples\sources\src\main\java\org\optaplanner\examples\common\persistence\generator\StringDataGenerator.java">
<error line="340" column="31" severity="warning" message="&apos;,&apos; is preceded with whitespace." source="com.puppycrawl.tools.checkstyle.checks.whitespace.NoWhitespaceBeforeCheck"/>
</file>
<file name="C:\Users\PC\Desktop\lumii-optaplanner-skyscraper2\examples\sources\src\main\java\org\optaplanner\examples\conferencescheduling\persistence\ConferenceSchedulingCfpDevoxxImporter.java">
<error line="52" severity="warning" message="First sentence should end with a period." source="com.puppycrawl.tools.checkstyle.checks.javadoc.JavadocStyleCheck"/>
<error line="329" column="18" severity="warning" message="More than 7 parameters (found 8)." source="com.puppycrawl.tools.checkstyle.checks.sizes.ParameterNumberCheck"/>
</file>
<file name="C:\Users\PC\Desktop\lumii-optaplanner-skyscraper2\examples\sources\src\main\java\org\optaplanner\examples\nqueens\app\Skyscraper.java">
<error line="0" severity="warning" message="File does not end with a newline." source="com.puppycrawl.tools.checkstyle.checks.NewlineAtEndOfFileCheck"/>
<error line="14" severity="warning" message="interfaces should describe a type and hence have methods." source="com.puppycrawl.tools.checkstyle.checks.design.InterfaceIsTypeCheck"/>
<error line="18" column="43" severity="warning" message="&apos;*&apos; is not preceded with whitespace." source="com.puppycrawl.tools.checkstyle.checks.whitespace.WhitespaceAroundCheck"/>
<error line="18" column="44" severity="warning" message="&apos;*&apos; is not followed by whitespace." source="com.puppycrawl.tools.checkstyle.checks.whitespace.WhitespaceAroundCheck"/>
<error line="21" column="44" severity="warning" message="&apos;*&apos; is not preceded with whitespace." source="com.puppycrawl.tools.checkstyle.checks.whitespace.WhitespaceAroundCheck"/>
<error line="21" column="45" severity="warning" message="&apos;*&apos; is not followed by whitespace." source="com.puppycrawl.tools.checkstyle.checks.whitespace.WhitespaceAroundCheck"/>
<error line="24" column="41" severity="warning" message="Array brackets at illegal position." source="com.puppycrawl.tools.checkstyle.checks.ArrayTypeStyleCheck"/>
<error line="24" column="58" severity="warning" message="&apos;,&apos; is not followed by whitespace." source="com.puppycrawl.tools.checkstyle.checks.whitespace.WhitespaceAfterCheck"/>
<error line="24" column="60" severity="warning" message="&apos;,&apos; is not followed by whitespace." source="com.puppycrawl.tools.checkstyle.checks.whitespace.WhitespaceAfterCheck"/>
<error line="24" column="62" severity="warning" message="&apos;,&apos; is not followed by whitespace." source="com.puppycrawl.tools.checkstyle.checks.whitespace.WhitespaceAfterCheck"/>
<error line="28" column="43" severity="warning" message="&apos;*&apos; is not preceded with whitespace." source="com.puppycrawl.tools.checkstyle.checks.whitespace.WhitespaceAroundCheck"/>
<error line="28" column="44" severity="warning" message="&apos;*&apos; is not followed by whitespace." source="com.puppycrawl.tools.checkstyle.checks.whitespace.WhitespaceAroundCheck"/>
<error line="33" column="40" severity="warning" message="Array brackets at illegal position." source="com.puppycrawl.tools.checkstyle.checks.ArrayTypeStyleCheck"/>
<error line="33" column="57" severity="warning" message="&apos;,&apos; is not followed by whitespace." source="com.puppycrawl.tools.checkstyle.checks.whitespace.WhitespaceAfterCheck"/>
<error line="33" column="59" severity="warning" message="&apos;,&apos; is not followed by whitespace." source="com.puppycrawl.tools.checkstyle.checks.whitespace.WhitespaceAfterCheck"/>
<error line="33" column="61" severity="warning" message="&apos;,&apos; is not followed by whitespace." source="com.puppycrawl.tools.checkstyle.checks.whitespace.WhitespaceAfterCheck"/>
</file>
<file name="C:\Users\PC\Desktop\lumii-optaplanner-skyscraper2\examples\sources\src\main\java\org\optaplanner\examples\nqueens\app\SkyscraperHelloWorld.java">
<error line="30" severity="warning" message="First sentence should end with a period." source="com.puppycrawl.tools.checkstyle.checks.javadoc.JavadocStyleCheck"/>
<error line="38" severity="warning" message="First sentence should end with a period." source="com.puppycrawl.tools.checkstyle.checks.javadoc.JavadocStyleCheck"/>
<error line="47" severity="warning" message="First sentence should end with a period." source="com.puppycrawl.tools.checkstyle.checks.javadoc.JavadocStyleCheck"/>
<error line="74" severity="warning" message="First sentence should end with a period." source="com.puppycrawl.tools.checkstyle.checks.javadoc.JavadocStyleCheck"/>
</file>
<file name="C:\Users\PC\Desktop\lumii-optaplanner-skyscraper2\examples\sources\src\main\java\org\optaplanner\examples\nqueens\app\SkyscraperPuzzleGenerator.java">
<error line="23" severity="warning" message="First sentence should end with a period." source="com.puppycrawl.tools.checkstyle.checks.javadoc.JavadocStyleCheck"/>
<error line="34" severity="warning" message="First sentence should end with a period." source="com.puppycrawl.tools.checkstyle.checks.javadoc.JavadocStyleCheck"/>
</file>
<file name="C:\Users\PC\Desktop\lumii-optaplanner-skyscraper2\examples\sources\src\main\java\org\optaplanner\examples\nqueens\domain\Cell.java">
<error line="35" severity="warning" message="First sentence should end with a period." source="com.puppycrawl.tools.checkstyle.checks.javadoc.JavadocStyleCheck"/>
<error line="52" severity="warning" message="First sentence should end with a period." source="com.puppycrawl.tools.checkstyle.checks.javadoc.JavadocStyleCheck"/>
<error line="63" severity="warning" message="First sentence should end with a period." source="com.puppycrawl.tools.checkstyle.checks.javadoc.JavadocStyleCheck"/>
<error line="74" severity="warning" message="First sentence should end with a period." source="com.puppycrawl.tools.checkstyle.checks.javadoc.JavadocStyleCheck"/>
<error line="85" severity="warning" message="First sentence should end with a period." source="com.puppycrawl.tools.checkstyle.checks.javadoc.JavadocStyleCheck"/>
<error line="96" severity="warning" message="First sentence should end with a period." source="com.puppycrawl.tools.checkstyle.checks.javadoc.JavadocStyleCheck"/>
<error line="117" severity="warning" message="First sentence should end with a period." source="com.puppycrawl.tools.checkstyle.checks.javadoc.JavadocStyleCheck"/>
</file>
<file name="C:\Users\PC\Desktop\lumii-optaplanner-skyscraper2\examples\sources\src\main\java\org\optaplanner\examples\nqueens\domain\Column.java">
<error line="30" severity="warning" message="First sentence should end with a period." source="com.puppycrawl.tools.checkstyle.checks.javadoc.JavadocStyleCheck"/>
<error line="40" severity="warning" message="First sentence should end with a period." source="com.puppycrawl.tools.checkstyle.checks.javadoc.JavadocStyleCheck"/>
<error line="53" severity="warning" message="First sentence should end with a period." source="com.puppycrawl.tools.checkstyle.checks.javadoc.JavadocStyleCheck"/>
<error line="64" severity="warning" message="First sentence should end with a period." source="com.puppycrawl.tools.checkstyle.checks.javadoc.JavadocStyleCheck"/>
<error line="75" severity="warning" message="First sentence should end with a period." source="com.puppycrawl.tools.checkstyle.checks.javadoc.JavadocStyleCheck"/>
</file>
<file name="C:\Users\PC\Desktop\lumii-optaplanner-skyscraper2\examples\sources\src\main\java\org\optaplanner\examples\nqueens\domain\Entry.java">
<error line="24" severity="warning" message="First sentence should end with a period." source="com.puppycrawl.tools.checkstyle.checks.javadoc.JavadocStyleCheck"/>
<error line="35" severity="warning" message="First sentence should end with a period." source="com.puppycrawl.tools.checkstyle.checks.javadoc.JavadocStyleCheck"/>
<error line="42" severity="warning" message="First sentence should end with a period." source="com.puppycrawl.tools.checkstyle.checks.javadoc.JavadocStyleCheck"/>
<error line="57" severity="warning" message="First sentence should end with a period." source="com.puppycrawl.tools.checkstyle.checks.javadoc.JavadocStyleCheck"/>
<error line="68" severity="warning" message="First sentence should end with a period." source="com.puppycrawl.tools.checkstyle.checks.javadoc.JavadocStyleCheck"/>
<error line="78" severity="warning" message="First sentence should end with a period." source="com.puppycrawl.tools.checkstyle.checks.javadoc.JavadocStyleCheck"/>
<error line="87" severity="warning" message="First sentence should end with a period." source="com.puppycrawl.tools.checkstyle.checks.javadoc.JavadocStyleCheck"/>
<error line="99" severity="warning" message="First sentence should end with a period." source="com.puppycrawl.tools.checkstyle.checks.javadoc.JavadocStyleCheck"/>
<error line="102" severity="warning" message="&apos;if&apos; construct must use &apos;{}&apos;s." source="com.puppycrawl.tools.checkstyle.checks.blocks.NeedBracesCheck"/>
<error line="103" severity="warning" message="&apos;if&apos; construct must use &apos;{}&apos;s." source="com.puppycrawl.tools.checkstyle.checks.blocks.NeedBracesCheck"/>
<error line="104" severity="warning" message="&apos;if&apos; construct must use &apos;{}&apos;s." source="com.puppycrawl.tools.checkstyle.checks.blocks.NeedBracesCheck"/>
<error line="106" severity="warning" message="&apos;if&apos; construct must use &apos;{}&apos;s." source="com.puppycrawl.tools.checkstyle.checks.blocks.NeedBracesCheck"/>
</file>
<file name="C:\Users\PC\Desktop\lumii-optaplanner-skyscraper2\examples\sources\src\main\java\org\optaplanner\examples\nqueens\domain\NQueens.java">
<error line="37" column="1" severity="warning" message="Duplicate import to line 20 - java.util.List." source="com.puppycrawl.tools.checkstyle.checks.imports.RedundantImportCheck"/>
<error line="39" column="1" severity="warning" message="Duplicate import to line 24 - org.optaplanner.core.api.domain.solution.PlanningEntityCollectionProperty." source="com.puppycrawl.tools.checkstyle.checks.imports.RedundantImportCheck"/>
<error line="40" column="1" severity="warning" message="Duplicate import to line 26 - org.optaplanner.core.api.domain.solution.PlanningSolution." source="com.puppycrawl.tools.checkstyle.checks.imports.RedundantImportCheck"/>
<error line="42" column="1" severity="warning" message="Duplicate import to line 28 - org.optaplanner.core.api.domain.valuerange.ValueRangeProvider." source="com.puppycrawl.tools.checkstyle.checks.imports.RedundantImportCheck"/>
<error line="43" column="1" severity="warning" message="Duplicate import to line 29 - org.optaplanner.core.api.score.buildin.simple.SimpleScore." source="com.puppycrawl.tools.checkstyle.checks.imports.RedundantImportCheck"/>
<error line="49" severity="warning" message="First sentence should end with a period." source="com.puppycrawl.tools.checkstyle.checks.javadoc.JavadocStyleCheck"/>
</file>
<file name="C:\Users\PC\Desktop\lumii-optaplanner-skyscraper2\examples\sources\src\main\java\org\optaplanner\examples\nqueens\domain\Puzzle.java">
<error line="36" column="1" severity="warning" message="Redundant import from the same package - org.optaplanner.examples.nqueens.domain.Cell." source="com.puppycrawl.tools.checkstyle.checks.imports.RedundantImportCheck"/>
<error line="37" column="1" severity="warning" message="Redundant import from the same package - org.optaplanner.examples.nqueens.domain.Entry." source="com.puppycrawl.tools.checkstyle.checks.imports.RedundantImportCheck"/>
<error line="42" severity="warning" message="First sentence should end with a period." source="com.puppycrawl.tools.checkstyle.checks.javadoc.JavadocStyleCheck"/>
<error line="59" severity="warning" message="First sentence should end with a period." source="com.puppycrawl.tools.checkstyle.checks.javadoc.JavadocStyleCheck"/>
<error line="71" severity="warning" message="First sentence should end with a period." source="com.puppycrawl.tools.checkstyle.checks.javadoc.JavadocStyleCheck"/>
<error line="96" severity="warning" message="First sentence should end with a period." source="com.puppycrawl.tools.checkstyle.checks.javadoc.JavadocStyleCheck"/>
<error line="148" severity="warning" message="First sentence should end with a period." source="com.puppycrawl.tools.checkstyle.checks.javadoc.JavadocStyleCheck"/>
<error line="160" severity="warning" message="First sentence should end with a period." source="com.puppycrawl.tools.checkstyle.checks.javadoc.JavadocStyleCheck"/>
<error line="172" severity="warning" message="First sentence should end with a period." source="com.puppycrawl.tools.checkstyle.checks.javadoc.JavadocStyleCheck"/>
<error line="184" severity="warning" message="First sentence should end with a period." source="com.puppycrawl.tools.checkstyle.checks.javadoc.JavadocStyleCheck"/>
<error line="217" severity="warning" message="First sentence should end with a period." source="com.puppycrawl.tools.checkstyle.checks.javadoc.JavadocStyleCheck"/>
<error line="269" severity="warning" message="First sentence should end with a period." source="com.puppycrawl.tools.checkstyle.checks.javadoc.JavadocStyleCheck"/>
<error line="309" severity="warning" message="First sentence should end with a period." source="com.puppycrawl.tools.checkstyle.checks.javadoc.JavadocStyleCheck"/>
<error line="321" severity="warning" message="First sentence should end with a period." source="com.puppycrawl.tools.checkstyle.checks.javadoc.JavadocStyleCheck"/>
</file>
<file name="C:\Users\PC\Desktop\lumii-optaplanner-skyscraper2\examples\sources\src\main\java\org\optaplanner\examples\nqueens\domain\Queen.java">
<error line="39" column="31" severity="warning" message="&apos;{&apos; at column 31 should have line break after." source="com.puppycrawl.tools.checkstyle.checks.blocks.LeftCurlyCheck"/>
<error line="41" column="42" severity="warning" message="&apos;{&apos; at column 42 should have line break after." source="com.puppycrawl.tools.checkstyle.checks.blocks.LeftCurlyCheck"/>
<error line="44" column="25" severity="warning" message="&apos;{&apos; at column 25 should have line break after." source="com.puppycrawl.tools.checkstyle.checks.blocks.LeftCurlyCheck"/>
<error line="46" column="33" severity="warning" message="&apos;{&apos; at column 33 should have line break after." source="com.puppycrawl.tools.checkstyle.checks.blocks.LeftCurlyCheck"/>
<error line="52" column="33" severity="warning" message="&apos;{&apos; at column 33 should have line break after." source="com.puppycrawl.tools.checkstyle.checks.blocks.LeftCurlyCheck"/>
<error line="55" column="26" severity="warning" message="&apos;{&apos; at column 26 should have line break after." source="com.puppycrawl.tools.checkstyle.checks.blocks.LeftCurlyCheck"/>
<error line="59" column="44" severity="warning" message="&apos;{&apos; at column 44 should have line break after." source="com.puppycrawl.tools.checkstyle.checks.blocks.LeftCurlyCheck"/>
<error line="61" column="45" severity="warning" message="&apos;{&apos; at column 45 should have line break after." source="com.puppycrawl.tools.checkstyle.checks.blocks.LeftCurlyCheck"/>
<error line="64" column="30" severity="warning" message="&apos;{&apos; at column 30 should have line break after." source="com.puppycrawl.tools.checkstyle.checks.blocks.LeftCurlyCheck"/>
</file>
<file name="C:\Users\PC\Desktop\lumii-optaplanner-skyscraper2\examples\sources\src\main\java\org\optaplanner\examples\nqueens\domain\Row.java">
<error line="31" severity="warning" message="First sentence should end with a period." source="com.puppycrawl.tools.checkstyle.checks.javadoc.JavadocStyleCheck"/>
<error line="41" severity="warning" message="First sentence should end with a period." source="com.puppycrawl.tools.checkstyle.checks.javadoc.JavadocStyleCheck"/>
<error line="55" severity="warning" message="First sentence should end with a period." source="com.puppycrawl.tools.checkstyle.checks.javadoc.JavadocStyleCheck"/>
<error line="66" severity="warning" message="First sentence should end with a period." source="com.puppycrawl.tools.checkstyle.checks.javadoc.JavadocStyleCheck"/>
<error line="77" severity="warning" message="First sentence should end with a period." source="com.puppycrawl.tools.checkstyle.checks.javadoc.JavadocStyleCheck"/>
</file>
<file name="C:\Users\PC\Desktop\lumii-optaplanner-skyscraper2\examples\sources\src\main\java\org\optaplanner\examples\nqueens\solver\move\factory\SkyscraperClueChangeMove.java">
<error line="25" severity="warning" message="First sentence should end with a period." source="com.puppycrawl.tools.checkstyle.checks.javadoc.JavadocStyleCheck"/>
<error line="34" severity="warning" message="First sentence should end with a period." source="com.puppycrawl.tools.checkstyle.checks.javadoc.JavadocStyleCheck"/>
<error line="58" severity="warning" message="First sentence should end with a period." source="com.puppycrawl.tools.checkstyle.checks.javadoc.JavadocStyleCheck"/>
<error line="66" severity="warning" message="First sentence should end with a period." source="com.puppycrawl.tools.checkstyle.checks.javadoc.JavadocStyleCheck"/>
<error line="74" severity="warning" message="First sentence should end with a period." source="com.puppycrawl.tools.checkstyle.checks.javadoc.JavadocStyleCheck"/>
<error line="84" severity="warning" message="First sentence should end with a period." source="com.puppycrawl.tools.checkstyle.checks.javadoc.JavadocStyleCheck"/>
<error line="89" column="9" severity="warning" message="&apos;}&apos; at column 9 should be on the same line as the next part of a multi-block statement (one that directly contains multiple blocks: if/else-if/else, do/while or try/catch/finally)." source="com.puppycrawl.tools.checkstyle.checks.blocks.RightCurlyCheck"/>
<error line="103" severity="warning" message="First sentence should end with a period." source="com.puppycrawl.tools.checkstyle.checks.javadoc.JavadocStyleCheck"/>
<error line="114" severity="warning" message="First sentence should end with a period." source="com.puppycrawl.tools.checkstyle.checks.javadoc.JavadocStyleCheck"/>
</file>
<file name="C:\Users\PC\Desktop\lumii-optaplanner-skyscraper2\examples\sources\src\main\java\org\optaplanner\examples\nqueens\solver\move\factory\SkyscraperMoveChangeFactory.java">
<error line="0" severity="warning" message="File does not end with a newline." source="com.puppycrawl.tools.checkstyle.checks.NewlineAtEndOfFileCheck"/>
<error line="12" column="1" severity="warning" message="Redundant import from the same package - org.optaplanner.examples.nqueens.solver.move.factory.SkyscraperClueChangeMove." source="com.puppycrawl.tools.checkstyle.checks.imports.RedundantImportCheck"/>
</file>
<file name="C:\Users\PC\Desktop\lumii-optaplanner-skyscraper2\examples\sources\src\main\java\org\optaplanner\examples\nqueens\solver\SkyscraperEasyScoreCalculator.java">
<error line="0" severity="warning" message="File does not end with a newline." source="com.puppycrawl.tools.checkstyle.checks.NewlineAtEndOfFileCheck"/>
</file>
<file name="C:\Users\PC\Desktop\lumii-optaplanner-skyscraper2\examples\sources\src\main\java\org\optaplanner\examples\rocktour\swingui\RockTourWorldPanel.java">
<error line="96" column="112" severity="warning" message="&apos;/&apos; is not followed by whitespace." source="com.puppycrawl.tools.checkstyle.checks.whitespace.WhitespaceAroundCheck"/>
</file>
<file name="C:\Users\PC\Desktop\lumii-optaplanner-skyscraper2\examples\sources\src\main\java\org\optaplanner\examples\taskassigning\domain\Task.java">
<error line="161" severity="warning" message="First sentence should end with a period." source="com.puppycrawl.tools.checkstyle.checks.javadoc.JavadocStyleCheck"/>
</file>
<file name="C:\Users\PC\Desktop\lumii-optaplanner-skyscraper2\examples\sources\src\test\java\org\optaplanner\examples\meetingscheduling\solver\MeetingSchedulingScoreConstraintTest.java">
<error line="65" column="29" severity="warning" message="&apos;+&apos; is not preceded with whitespace." source="com.puppycrawl.tools.checkstyle.checks.whitespace.WhitespaceAroundCheck"/>
<error line="65" column="30" severity="warning" message="&apos;+&apos; is not followed by whitespace." source="com.puppycrawl.tools.checkstyle.checks.whitespace.WhitespaceAroundCheck"/>
</file>
</checkstyle>
